<?xml version="1.0" encoding="UTF-8"?>
<testsuite xmlns:xsi="http://www.w3.org/2001/XMLSchema-instance" xsi:noNamespaceSchemaLocation="https://maven.apache.org/surefire/maven-surefire-plugin/xsd/surefire-test-report-3.0.xsd" version="3.0" name="CucumberRunnerTest" time="6.868" tests="2" errors="0" skipped="0" failures="0">
  <properties>
[...]
</properties>
  <testcase name="To get the details stored for a fact with a specified ID" classname="Get the details stored for the fact with the specified ID - GET /facts/{id}" time="4.618"/>
  <testcase name="To get the list of all the cat facts stored in the database" classname="List all the facts stored in the database- GET {/facts}" time="1.453"/>
</testsuite>